<?xml version="1.0" encoding="UTF-8"?>
<!-- Generated by org.testng.reporters.JUnitReportReporter -->
<testsuite hostname="NTK2079" failures="0" tests="1" name="Pruebas.LoginTest" time="0.000" errors="0" timestamp="2022-06-26T20:40:59 ART" skipped="1">
  <testcase classname="Pruebas.LoginTest" name="Login" time="0.000">
    <skipped/>
  </testcase> <!-- Login -->
  <system-out/>
</testsuite> <!-- Pruebas.LoginTest -->
