<?xml version="1.0" encoding="UTF-8"?>
<!-- Generated by org.testng.reporters.JUnitReportReporter -->
<testsuite hostname="NTK2079" failures="0" tests="6" name="edit.Tarea5.Asignacion7" time="0.000" errors="0" timestamp="2022-06-26T20:40:59 ART" skipped="6">
  <testcase classname="edit.Tarea5.Asignacion7" name="Loguin" time="0.000">
    <skipped/>
  </testcase> <!-- Loguin -->
  <system-out/>
  <testcase classname="edit.Tarea5.Asignacion7" name="Loguin" time="0.000">
    <skipped/>
  </testcase> <!-- Loguin -->
  <system-out/>
  <testcase classname="edit.Tarea5.Asignacion7" name="Loguin" time="0.000">
    <skipped/>
  </testcase> <!-- Loguin -->
  <system-out/>
  <testcase classname="edit.Tarea5.Asignacion7" name="Loguin" time="0.000">
    <skipped/>
  </testcase> <!-- Loguin -->
  <system-out/>
  <testcase classname="edit.Tarea5.Asignacion7" name="Loguin" time="0.000">
    <skipped/>
  </testcase> <!-- Loguin -->
  <system-out/>
  <testcase classname="edit.Tarea5.Asignacion7" name="Loguin" time="0.000">
    <skipped/>
  </testcase> <!-- Loguin -->
  <system-out/>
</testsuite> <!-- edit.Tarea5.Asignacion7 -->
