<?xml version="1.0" encoding="UTF-8"?>
<!-- Generated by org.testng.reporters.JUnitReportReporter -->
<testsuite hostname="NTK2079" failures="0" tests="1" name="edit.Tarea5.AppTest" time="0.000" errors="0" timestamp="2022-06-26T20:40:59 ART" skipped="1">
  <testcase classname="edit.Tarea5.AppTest" name="shouldAnswerWithTrue" time="0.000">
    <skipped/>
  </testcase> <!-- shouldAnswerWithTrue -->
  <system-out/>
</testsuite> <!-- edit.Tarea5.AppTest -->
