<?xml version="1.0" encoding="UTF-8"?>
<!-- Generated by org.testng.reporters.JUnitReportReporter -->
<testsuite hostname="NTK2079" failures="0" tests="2" name="Pruebas.SelectionObjectTest" time="0.000" errors="0" timestamp="2022-06-26T20:40:59 ART" skipped="2">
  <testcase classname="Pruebas.SelectionObjectTest" name="Login" time="0.000">
    <skipped/>
  </testcase> <!-- Login -->
  <system-out/>
  <testcase classname="Pruebas.SelectionObjectTest" name="SelectionObject" time="0.000">
    <skipped/>
  </testcase> <!-- SelectionObject -->
  <system-out/>
</testsuite> <!-- Pruebas.SelectionObjectTest -->
